2026-02-26 20:20:14,353 - INFO - Job started
2026-02-26 20:20:14,353 - INFO - Config loaded: {'seed': 42, 'window': 5, 'version': 'v1'}
2026-02-26 20:20:14,369 - ERROR - Job failed: data.csv not found
2026-02-26 20:21:02,156 - INFO - Job started
2026-02-26 20:21:02,157 - INFO - Config loaded: {'seed': 42, 'window': 5, 'version': 'v1'}
2026-02-26 20:21:02,158 - ERROR - Job failed: data.csv not found
2026-02-26 20:24:14,716 - INFO - Job started
2026-02-26 20:24:14,716 - INFO - Config loaded: {'seed': 42, 'window': 5, 'version': 'v1'}
2026-02-26 20:24:14,716 - ERROR - Job failed: data.csv not found
2026-02-26 20:27:26,093 - INFO - Job started
2026-02-26 20:27:26,093 - INFO - Config loaded: {'seed': 42, 'window': 5, 'version': 'v1'}
2026-02-26 20:27:26,093 - ERROR - Job failed: data.csv not found
2026-02-26 20:29:01,144 - INFO - Job started
2026-02-26 20:29:01,144 - INFO - Config loaded: {'seed': 42, 'window': 5, 'version': 'v1'}
2026-02-26 20:29:01,144 - ERROR - Job failed: data.csv1 not found
2026-02-26 20:29:46,338 - INFO - Job started
2026-02-26 20:29:46,338 - INFO - Config loaded: {'seed': 42, 'window': 5, 'version': 'v1'}
2026-02-26 20:29:46,369 - ERROR - Job failed: Missing 'close' column
2026-02-26 20:30:32,210 - INFO - Job started
2026-02-26 20:30:32,211 - INFO - Config loaded: {'seed': 42, 'window': 5, 'version': 'v1'}
2026-02-26 20:30:32,223 - ERROR - Job failed: Missing 'close' column
2026-02-26 20:34:11,716 - INFO - Job started
2026-02-26 20:34:11,716 - INFO - Config loaded: {'seed': 42, 'window': 5, 'version': 'v1'}
2026-02-26 20:34:11,732 - ERROR - Job failed: Missing 'close' column
2026-02-26 21:01:04,653 - INFO - Job started
2026-02-26 21:01:04,661 - INFO - Config loaded: {'seed': 42, 'window': 5, 'version': 'v1'}
2026-02-26 21:01:04,692 - INFO - Rows loaded: 10000
2026-02-26 21:01:04,692 - INFO - Rolling mean and signal computed
2026-02-26 21:01:04,692 - INFO - Job completed successfully
2026-02-26 21:01:28,449 - INFO - Job started
2026-02-26 21:01:28,450 - INFO - Config loaded: {'seed': 42, 'window': 5, 'version': 'v1'}
2026-02-26 21:01:28,467 - INFO - Rows loaded: 10000
2026-02-26 21:01:28,468 - INFO - Rolling mean and signal computed
2026-02-26 21:01:28,468 - INFO - Job completed successfully
